22:07:51.511 [main] INFO  io.github.patfromthe90s.grabber.Main - Starting Main v1.0-SNAPSHOT on Patrick-Samsung with PID 6872 (C:\Users\Patrick\programs\java\projects\article-parser\article-parser-grabber\target\article-parser-grabber.jar started by Patrick in C:\Users\Patrick\programs\java\projects\article-parser\article-parser-grabber\target)
22:07:51.515 [main] INFO  io.github.patfromthe90s.grabber.Main - No active profile set, falling back to default profiles: default
22:07:52.036 [main] INFO  org.springframework.data.repository.config.RepositoryConfigurationDelegate - Bootstrapping Spring Data repositories in DEFAULT mode.
22:07:52.060 [main] INFO  org.springframework.data.repository.config.RepositoryConfigurationDelegate - Finished Spring Data repository scanning in 18ms. Found 0 repository interfaces.
22:07:52.371 [main] WARN  org.springframework.context.annotation.AnnotationConfigApplicationContext - Exception encountered during context initialization - cancelling refresh attempt: org.springframework.beans.factory.UnsatisfiedDependencyException: Error creating bean with name 'springApplicationRunner' defined in URL [jar:file:/C:/Users/Patrick/programs/java/projects/article-parser/article-parser-grabber/target/article-parser-grabber.jar!/BOOT-INF/classes!/io/github/patfromthe90s/grabber/runner/SpringApplicationRunner.class]: Unsatisfied dependency expressed through constructor parameter 0; nested exception is org.springframework.beans.factory.UnsatisfiedDependencyException: Error creating bean with name 'grabberRunner' defined in URL [jar:file:/C:/Users/Patrick/programs/java/projects/article-parser/article-parser-grabber/target/article-parser-grabber.jar!/BOOT-INF/classes!/io/github/patfromthe90s/grabber/runner/GrabberRunner.class]: Unsatisfied dependency expressed through constructor parameter 0; nested exception is org.springframework.beans.factory.UnsatisfiedDependencyException: Error creating bean with name 'simpleNHKEasyArticleGrabberService' defined in URL [jar:file:/C:/Users/Patrick/programs/java/projects/article-parser/article-parser-grabber/target/article-parser-grabber.jar!/BOOT-INF/classes!/io/github/patfromthe90s/grabber/service/SimpleNHKEasyArticleGrabberService.class]: Unsatisfied dependency expressed through constructor parameter 1; nested exception is org.springframework.beans.factory.UnsatisfiedDependencyException: Error creating bean with name 'simpleDaoService' defined in URL [jar:file:/C:/Users/Patrick/programs/java/projects/article-parser/article-parser-grabber/target/article-parser-grabber.jar!/BOOT-INF/lib/article-parser-backend-1.0-SNAPSHOT.jar!/io/github/patfromthe90s/backend/service/SimpleDaoService.class]: Unsatisfied dependency expressed through constructor parameter 0; nested exception is org.springframework.beans.factory.UnsatisfiedDependencyException: Error creating bean with name 'simpleSiteDao' defined in URL [jar:file:/C:/Users/Patrick/programs/java/projects/article-parser/article-parser-grabber/target/article-parser-grabber.jar!/BOOT-INF/lib/article-parser-backend-1.0-SNAPSHOT.jar!/io/github/patfromthe90s/backend/dao/SimpleSiteDao.class]: Unsatisfied dependency expressed through constructor parameter 0; nested exception is org.springframework.beans.factory.BeanCreationException: Error creating bean with name 'dataSource' defined in class path resource [org/springframework/boot/autoconfigure/jdbc/DataSourceConfiguration$Hikari.class]: Bean instantiation via factory method failed; nested exception is org.springframework.beans.BeanInstantiationException: Failed to instantiate [com.zaxxer.hikari.HikariDataSource]: Factory method 'dataSource' threw exception; nested exception is org.springframework.boot.autoconfigure.jdbc.DataSourceProperties$DataSourceBeanCreationException: Failed to determine a suitable driver class
22:07:52.381 [main] INFO  org.springframework.boot.autoconfigure.logging.ConditionEvaluationReportLoggingListener - 

Error starting ApplicationContext. To display the conditions report re-run your application with 'debug' enabled.
22:07:52.384 [main] ERROR org.springframework.boot.diagnostics.LoggingFailureAnalysisReporter - 

***************************
APPLICATION FAILED TO START
***************************

Description:

Failed to configure a DataSource: 'url' attribute is not specified and no embedded datasource could be configured.

Reason: Failed to determine a suitable driver class


Action:

Consider the following:
	If you want an embedded database (H2, HSQL or Derby), please put it on the classpath.
	If you have database settings to be loaded from a particular profile you may need to activate it (no profiles are currently active).

22:16:30.987 [main] INFO  io.github.patfromthe90s.grabber.Main - Starting Main v1.0-SNAPSHOT on Patrick-Samsung with PID 1180 (C:\Users\Patrick\programs\java\projects\article-parser\article-parser-grabber\target\article-parser-grabber.jar started by Patrick in C:\Users\Patrick\programs\java\projects\article-parser\article-parser-grabber\target)
22:16:30.992 [main] INFO  io.github.patfromthe90s.grabber.Main - No active profile set, falling back to default profiles: default
22:16:31.492 [main] INFO  org.springframework.data.repository.config.RepositoryConfigurationDelegate - Bootstrapping Spring Data repositories in DEFAULT mode.
22:16:31.516 [main] INFO  org.springframework.data.repository.config.RepositoryConfigurationDelegate - Finished Spring Data repository scanning in 19ms. Found 0 repository interfaces.
22:16:31.842 [main] WARN  org.springframework.context.annotation.AnnotationConfigApplicationContext - Exception encountered during context initialization - cancelling refresh attempt: org.springframework.beans.factory.UnsatisfiedDependencyException: Error creating bean with name 'springApplicationRunner' defined in URL [jar:file:/C:/Users/Patrick/programs/java/projects/article-parser/article-parser-grabber/target/article-parser-grabber.jar!/BOOT-INF/classes!/io/github/patfromthe90s/grabber/runner/SpringApplicationRunner.class]: Unsatisfied dependency expressed through constructor parameter 0; nested exception is org.springframework.beans.factory.UnsatisfiedDependencyException: Error creating bean with name 'grabberRunner' defined in URL [jar:file:/C:/Users/Patrick/programs/java/projects/article-parser/article-parser-grabber/target/article-parser-grabber.jar!/BOOT-INF/classes!/io/github/patfromthe90s/grabber/runner/GrabberRunner.class]: Unsatisfied dependency expressed through constructor parameter 0; nested exception is org.springframework.beans.factory.UnsatisfiedDependencyException: Error creating bean with name 'simpleNHKEasyArticleGrabberService' defined in URL [jar:file:/C:/Users/Patrick/programs/java/projects/article-parser/article-parser-grabber/target/article-parser-grabber.jar!/BOOT-INF/classes!/io/github/patfromthe90s/grabber/service/SimpleNHKEasyArticleGrabberService.class]: Unsatisfied dependency expressed through constructor parameter 1; nested exception is org.springframework.beans.factory.UnsatisfiedDependencyException: Error creating bean with name 'simpleDaoService' defined in URL [jar:file:/C:/Users/Patrick/programs/java/projects/article-parser/article-parser-grabber/target/article-parser-grabber.jar!/BOOT-INF/lib/article-parser-backend-1.0-SNAPSHOT.jar!/io/github/patfromthe90s/backend/service/SimpleDaoService.class]: Unsatisfied dependency expressed through constructor parameter 0; nested exception is org.springframework.beans.factory.UnsatisfiedDependencyException: Error creating bean with name 'simpleSiteDao' defined in URL [jar:file:/C:/Users/Patrick/programs/java/projects/article-parser/article-parser-grabber/target/article-parser-grabber.jar!/BOOT-INF/lib/article-parser-backend-1.0-SNAPSHOT.jar!/io/github/patfromthe90s/backend/dao/SimpleSiteDao.class]: Unsatisfied dependency expressed through constructor parameter 0; nested exception is org.springframework.beans.factory.BeanCreationException: Error creating bean with name 'dataSource' defined in class path resource [org/springframework/boot/autoconfigure/jdbc/DataSourceConfiguration$Hikari.class]: Bean instantiation via factory method failed; nested exception is org.springframework.beans.BeanInstantiationException: Failed to instantiate [com.zaxxer.hikari.HikariDataSource]: Factory method 'dataSource' threw exception; nested exception is org.springframework.boot.autoconfigure.jdbc.DataSourceProperties$DataSourceBeanCreationException: Failed to determine a suitable driver class
22:16:31.855 [main] INFO  org.springframework.boot.autoconfigure.logging.ConditionEvaluationReportLoggingListener - 

Error starting ApplicationContext. To display the conditions report re-run your application with 'debug' enabled.
22:16:31.859 [main] ERROR org.springframework.boot.diagnostics.LoggingFailureAnalysisReporter - 

***************************
APPLICATION FAILED TO START
***************************

Description:

Failed to configure a DataSource: 'url' attribute is not specified and no embedded datasource could be configured.

Reason: Failed to determine a suitable driver class


Action:

Consider the following:
	If you want an embedded database (H2, HSQL or Derby), please put it on the classpath.
	If you have database settings to be loaded from a particular profile you may need to activate it (no profiles are currently active).

22:39:28.522 [main] INFO  io.github.patfromthe90s.grabber.Main - Starting Main v1.0-SNAPSHOT on Patrick-Samsung with PID 7572 (C:\Users\Patrick\programs\java\projects\article-parser\article-parser-grabber\target\article-parser-grabber.jar started by Patrick in C:\Users\Patrick\programs\java\projects\article-parser\article-parser-grabber\target)
22:39:28.527 [main] INFO  io.github.patfromthe90s.grabber.Main - No active profile set, falling back to default profiles: default
22:39:29.055 [main] INFO  org.springframework.data.repository.config.RepositoryConfigurationDelegate - Bootstrapping Spring Data repositories in DEFAULT mode.
22:39:29.078 [main] INFO  org.springframework.data.repository.config.RepositoryConfigurationDelegate - Finished Spring Data repository scanning in 18ms. Found 0 repository interfaces.
22:39:29.829 [main] INFO  io.github.patfromthe90s.grabber.Main - Started Main in 1.642 seconds (JVM running for 2.798)
22:39:29.831 [main] INFO  io.github.patfromthe90s.grabber.runner.SpringApplicationRunner - Starting runner [com.sun.proxy.$Proxy57]
22:39:29.838 [main] INFO  com.zaxxer.hikari.HikariDataSource - HikariPool-1 - Starting...
22:39:30.884 [main] ERROR com.zaxxer.hikari.pool.HikariPool - HikariPool-1 - Exception during pool initialization.
java.sql.SQLException: path to 'C:\Users\Patrick\programs\java\projects\article-parser\target/db/test.db': 'C:\Users\Patrick\programs\java\projects\article-parser\target' does not exist
	at org.sqlite.SQLiteConnection.open(SQLiteConnection.java:215) ~[sqlite-jdbc-3.25.2.jar!/:?]
	at org.sqlite.SQLiteConnection.<init>(SQLiteConnection.java:61) ~[sqlite-jdbc-3.25.2.jar!/:?]
	at org.sqlite.jdbc3.JDBC3Connection.<init>(JDBC3Connection.java:28) ~[sqlite-jdbc-3.25.2.jar!/:?]
	at org.sqlite.jdbc4.JDBC4Connection.<init>(JDBC4Connection.java:21) ~[sqlite-jdbc-3.25.2.jar!/:?]
	at org.sqlite.JDBC.createConnection(JDBC.java:116) ~[sqlite-jdbc-3.25.2.jar!/:?]
	at org.sqlite.JDBC.connect(JDBC.java:90) ~[sqlite-jdbc-3.25.2.jar!/:?]
	at com.zaxxer.hikari.util.DriverDataSource.getConnection(DriverDataSource.java:119) ~[HikariCP-3.2.0.jar!/:?]
	at com.zaxxer.hikari.pool.PoolBase.newConnection(PoolBase.java:369) ~[HikariCP-3.2.0.jar!/:?]
	at com.zaxxer.hikari.pool.PoolBase.newPoolEntry(PoolBase.java:198) ~[HikariCP-3.2.0.jar!/:?]
	at com.zaxxer.hikari.pool.HikariPool.createPoolEntry(HikariPool.java:467) ~[HikariCP-3.2.0.jar!/:?]
	at com.zaxxer.hikari.pool.HikariPool.checkFailFast(HikariPool.java:541) ~[HikariCP-3.2.0.jar!/:?]
	at com.zaxxer.hikari.pool.HikariPool.<init>(HikariPool.java:115) ~[HikariCP-3.2.0.jar!/:?]
	at com.zaxxer.hikari.HikariDataSource.getConnection(HikariDataSource.java:112) ~[HikariCP-3.2.0.jar!/:?]
	at org.springframework.jdbc.datasource.DataSourceTransactionManager.doBegin(DataSourceTransactionManager.java:262) ~[spring-jdbc-5.1.8.RELEASE.jar!/:5.1.8.RELEASE]
	at org.springframework.transaction.support.AbstractPlatformTransactionManager.getTransaction(AbstractPlatformTransactionManager.java:378) ~[spring-tx-5.1.8.RELEASE.jar!/:5.1.8.RELEASE]
	at org.springframework.transaction.interceptor.TransactionAspectSupport.createTransactionIfNecessary(TransactionAspectSupport.java:475) ~[spring-tx-5.1.8.RELEASE.jar!/:5.1.8.RELEASE]
	at org.springframework.transaction.interceptor.TransactionAspectSupport.invokeWithinTransaction(TransactionAspectSupport.java:289) ~[spring-tx-5.1.8.RELEASE.jar!/:5.1.8.RELEASE]
	at org.springframework.transaction.interceptor.TransactionInterceptor.invoke(TransactionInterceptor.java:98) ~[spring-tx-5.1.8.RELEASE.jar!/:5.1.8.RELEASE]
	at org.springframework.aop.framework.ReflectiveMethodInvocation.proceed(ReflectiveMethodInvocation.java:186) ~[spring-aop-5.1.8.RELEASE.jar!/:5.1.8.RELEASE]
	at org.springframework.aop.framework.JdkDynamicAopProxy.invoke(JdkDynamicAopProxy.java:212) ~[spring-aop-5.1.8.RELEASE.jar!/:5.1.8.RELEASE]
	at com.sun.proxy.$Proxy57.run(Unknown Source) ~[?:?]
	at io.github.patfromthe90s.grabber.runner.SpringApplicationRunner.lambda$run$0(SpringApplicationRunner.java:35) ~[classes!/:1.0-SNAPSHOT]
	at java.util.ArrayList$ArrayListSpliterator.forEachRemaining(ArrayList.java:1654) [?:?]
	at java.util.stream.ReferencePipeline$Head.forEach(ReferencePipeline.java:658) [?:?]
	at io.github.patfromthe90s.grabber.runner.SpringApplicationRunner.run(SpringApplicationRunner.java:33) [classes!/:1.0-SNAPSHOT]
	at org.springframework.boot.SpringApplication.callRunner(SpringApplication.java:779) [spring-boot-2.1.6.RELEASE.jar!/:2.1.6.RELEASE]
	at org.springframework.boot.SpringApplication.callRunners(SpringApplication.java:763) [spring-boot-2.1.6.RELEASE.jar!/:2.1.6.RELEASE]
	at org.springframework.boot.SpringApplication.run(SpringApplication.java:318) [spring-boot-2.1.6.RELEASE.jar!/:2.1.6.RELEASE]
	at org.springframework.boot.SpringApplication.run(SpringApplication.java:1213) [spring-boot-2.1.6.RELEASE.jar!/:2.1.6.RELEASE]
	at org.springframework.boot.SpringApplication.run(SpringApplication.java:1202) [spring-boot-2.1.6.RELEASE.jar!/:2.1.6.RELEASE]
	at io.github.patfromthe90s.grabber.Main.main(Main.java:17) [classes!/:1.0-SNAPSHOT]
	at jdk.internal.reflect.NativeMethodAccessorImpl.invoke0(Native Method) ~[?:?]
	at jdk.internal.reflect.NativeMethodAccessorImpl.invoke(NativeMethodAccessorImpl.java:62) ~[?:?]
	at jdk.internal.reflect.DelegatingMethodAccessorImpl.invoke(DelegatingMethodAccessorImpl.java:43) ~[?:?]
	at java.lang.reflect.Method.invoke(Method.java:566) ~[?:?]
	at org.springframework.boot.loader.MainMethodRunner.run(MainMethodRunner.java:47) [article-parser-grabber.jar:1.0-SNAPSHOT]
	at org.springframework.boot.loader.Launcher.launch(Launcher.java:86) [article-parser-grabber.jar:1.0-SNAPSHOT]
	at org.springframework.boot.loader.Launcher.launch(Launcher.java:50) [article-parser-grabber.jar:1.0-SNAPSHOT]
	at org.springframework.boot.loader.JarLauncher.main(JarLauncher.java:51) [article-parser-grabber.jar:1.0-SNAPSHOT]
22:39:30.916 [main] INFO  org.springframework.boot.autoconfigure.logging.ConditionEvaluationReportLoggingListener - 

Error starting ApplicationContext. To display the conditions report re-run your application with 'debug' enabled.
22:39:30.918 [main] ERROR org.springframework.boot.SpringApplication - Application run failed
java.lang.IllegalStateException: Failed to execute CommandLineRunner
	at org.springframework.boot.SpringApplication.callRunner(SpringApplication.java:782) [spring-boot-2.1.6.RELEASE.jar!/:2.1.6.RELEASE]
	at org.springframework.boot.SpringApplication.callRunners(SpringApplication.java:763) [spring-boot-2.1.6.RELEASE.jar!/:2.1.6.RELEASE]
	at org.springframework.boot.SpringApplication.run(SpringApplication.java:318) [spring-boot-2.1.6.RELEASE.jar!/:2.1.6.RELEASE]
	at org.springframework.boot.SpringApplication.run(SpringApplication.java:1213) [spring-boot-2.1.6.RELEASE.jar!/:2.1.6.RELEASE]
	at org.springframework.boot.SpringApplication.run(SpringApplication.java:1202) [spring-boot-2.1.6.RELEASE.jar!/:2.1.6.RELEASE]
	at io.github.patfromthe90s.grabber.Main.main(Main.java:17) [classes!/:1.0-SNAPSHOT]
	at jdk.internal.reflect.NativeMethodAccessorImpl.invoke0(Native Method) ~[?:?]
	at jdk.internal.reflect.NativeMethodAccessorImpl.invoke(NativeMethodAccessorImpl.java:62) ~[?:?]
	at jdk.internal.reflect.DelegatingMethodAccessorImpl.invoke(DelegatingMethodAccessorImpl.java:43) ~[?:?]
	at java.lang.reflect.Method.invoke(Method.java:566) ~[?:?]
	at org.springframework.boot.loader.MainMethodRunner.run(MainMethodRunner.java:47) [article-parser-grabber.jar:1.0-SNAPSHOT]
	at org.springframework.boot.loader.Launcher.launch(Launcher.java:86) [article-parser-grabber.jar:1.0-SNAPSHOT]
	at org.springframework.boot.loader.Launcher.launch(Launcher.java:50) [article-parser-grabber.jar:1.0-SNAPSHOT]
	at org.springframework.boot.loader.JarLauncher.main(JarLauncher.java:51) [article-parser-grabber.jar:1.0-SNAPSHOT]
Caused by: org.springframework.transaction.CannotCreateTransactionException: Could not open JDBC Connection for transaction; nested exception is java.sql.SQLException: path to 'C:\Users\Patrick\programs\java\projects\article-parser\target/db/test.db': 'C:\Users\Patrick\programs\java\projects\article-parser\target' does not exist
	at org.springframework.jdbc.datasource.DataSourceTransactionManager.doBegin(DataSourceTransactionManager.java:305) ~[spring-jdbc-5.1.8.RELEASE.jar!/:5.1.8.RELEASE]
	at org.springframework.transaction.support.AbstractPlatformTransactionManager.getTransaction(AbstractPlatformTransactionManager.java:378) ~[spring-tx-5.1.8.RELEASE.jar!/:5.1.8.RELEASE]
	at org.springframework.transaction.interceptor.TransactionAspectSupport.createTransactionIfNecessary(TransactionAspectSupport.java:475) ~[spring-tx-5.1.8.RELEASE.jar!/:5.1.8.RELEASE]
	at org.springframework.transaction.interceptor.TransactionAspectSupport.invokeWithinTransaction(TransactionAspectSupport.java:289) ~[spring-tx-5.1.8.RELEASE.jar!/:5.1.8.RELEASE]
	at org.springframework.transaction.interceptor.TransactionInterceptor.invoke(TransactionInterceptor.java:98) ~[spring-tx-5.1.8.RELEASE.jar!/:5.1.8.RELEASE]
	at org.springframework.aop.framework.ReflectiveMethodInvocation.proceed(ReflectiveMethodInvocation.java:186) ~[spring-aop-5.1.8.RELEASE.jar!/:5.1.8.RELEASE]
	at org.springframework.aop.framework.JdkDynamicAopProxy.invoke(JdkDynamicAopProxy.java:212) ~[spring-aop-5.1.8.RELEASE.jar!/:5.1.8.RELEASE]
	at com.sun.proxy.$Proxy57.run(Unknown Source) ~[?:?]
	at io.github.patfromthe90s.grabber.runner.SpringApplicationRunner.lambda$run$0(SpringApplicationRunner.java:35) ~[classes!/:1.0-SNAPSHOT]
	at java.util.ArrayList$ArrayListSpliterator.forEachRemaining(ArrayList.java:1654) ~[?:?]
	at java.util.stream.ReferencePipeline$Head.forEach(ReferencePipeline.java:658) ~[?:?]
	at io.github.patfromthe90s.grabber.runner.SpringApplicationRunner.run(SpringApplicationRunner.java:33) ~[classes!/:1.0-SNAPSHOT]
	at org.springframework.boot.SpringApplication.callRunner(SpringApplication.java:779) ~[spring-boot-2.1.6.RELEASE.jar!/:2.1.6.RELEASE]
	... 13 more
Caused by: java.sql.SQLException: path to 'C:\Users\Patrick\programs\java\projects\article-parser\target/db/test.db': 'C:\Users\Patrick\programs\java\projects\article-parser\target' does not exist
	at org.sqlite.SQLiteConnection.open(SQLiteConnection.java:215) ~[sqlite-jdbc-3.25.2.jar!/:?]
	at org.sqlite.SQLiteConnection.<init>(SQLiteConnection.java:61) ~[sqlite-jdbc-3.25.2.jar!/:?]
	at org.sqlite.jdbc3.JDBC3Connection.<init>(JDBC3Connection.java:28) ~[sqlite-jdbc-3.25.2.jar!/:?]
	at org.sqlite.jdbc4.JDBC4Connection.<init>(JDBC4Connection.java:21) ~[sqlite-jdbc-3.25.2.jar!/:?]
	at org.sqlite.JDBC.createConnection(JDBC.java:116) ~[sqlite-jdbc-3.25.2.jar!/:?]
	at org.sqlite.JDBC.connect(JDBC.java:90) ~[sqlite-jdbc-3.25.2.jar!/:?]
	at com.zaxxer.hikari.util.DriverDataSource.getConnection(DriverDataSource.java:119) ~[HikariCP-3.2.0.jar!/:?]
	at com.zaxxer.hikari.pool.PoolBase.newConnection(PoolBase.java:369) ~[HikariCP-3.2.0.jar!/:?]
	at com.zaxxer.hikari.pool.PoolBase.newPoolEntry(PoolBase.java:198) ~[HikariCP-3.2.0.jar!/:?]
	at com.zaxxer.hikari.pool.HikariPool.createPoolEntry(HikariPool.java:467) ~[HikariCP-3.2.0.jar!/:?]
	at com.zaxxer.hikari.pool.HikariPool.checkFailFast(HikariPool.java:541) ~[HikariCP-3.2.0.jar!/:?]
	at com.zaxxer.hikari.pool.HikariPool.<init>(HikariPool.java:115) ~[HikariCP-3.2.0.jar!/:?]
	at com.zaxxer.hikari.HikariDataSource.getConnection(HikariDataSource.java:112) ~[HikariCP-3.2.0.jar!/:?]
	at org.springframework.jdbc.datasource.DataSourceTransactionManager.doBegin(DataSourceTransactionManager.java:262) ~[spring-jdbc-5.1.8.RELEASE.jar!/:5.1.8.RELEASE]
	at org.springframework.transaction.support.AbstractPlatformTransactionManager.getTransaction(AbstractPlatformTransactionManager.java:378) ~[spring-tx-5.1.8.RELEASE.jar!/:5.1.8.RELEASE]
	at org.springframework.transaction.interceptor.TransactionAspectSupport.createTransactionIfNecessary(TransactionAspectSupport.java:475) ~[spring-tx-5.1.8.RELEASE.jar!/:5.1.8.RELEASE]
	at org.springframework.transaction.interceptor.TransactionAspectSupport.invokeWithinTransaction(TransactionAspectSupport.java:289) ~[spring-tx-5.1.8.RELEASE.jar!/:5.1.8.RELEASE]
	at org.springframework.transaction.interceptor.TransactionInterceptor.invoke(TransactionInterceptor.java:98) ~[spring-tx-5.1.8.RELEASE.jar!/:5.1.8.RELEASE]
	at org.springframework.aop.framework.ReflectiveMethodInvocation.proceed(ReflectiveMethodInvocation.java:186) ~[spring-aop-5.1.8.RELEASE.jar!/:5.1.8.RELEASE]
	at org.springframework.aop.framework.JdkDynamicAopProxy.invoke(JdkDynamicAopProxy.java:212) ~[spring-aop-5.1.8.RELEASE.jar!/:5.1.8.RELEASE]
	at com.sun.proxy.$Proxy57.run(Unknown Source) ~[?:?]
	at io.github.patfromthe90s.grabber.runner.SpringApplicationRunner.lambda$run$0(SpringApplicationRunner.java:35) ~[classes!/:1.0-SNAPSHOT]
	at java.util.ArrayList$ArrayListSpliterator.forEachRemaining(ArrayList.java:1654) ~[?:?]
	at java.util.stream.ReferencePipeline$Head.forEach(ReferencePipeline.java:658) ~[?:?]
	at io.github.patfromthe90s.grabber.runner.SpringApplicationRunner.run(SpringApplicationRunner.java:33) ~[classes!/:1.0-SNAPSHOT]
	at org.springframework.boot.SpringApplication.callRunner(SpringApplication.java:779) ~[spring-boot-2.1.6.RELEASE.jar!/:2.1.6.RELEASE]
	... 13 more
22:40:42.228 [main] INFO  io.github.patfromthe90s.grabber.Main - Starting Main v1.0-SNAPSHOT on Patrick-Samsung with PID 5928 (C:\Users\Patrick\programs\java\projects\article-parser\article-parser-grabber\target\article-parser-grabber.jar started by Patrick in C:\Users\Patrick\programs\java\projects\article-parser\article-parser-grabber\target)
22:40:42.232 [main] INFO  io.github.patfromthe90s.grabber.Main - No active profile set, falling back to default profiles: default
22:40:42.722 [main] INFO  org.springframework.data.repository.config.RepositoryConfigurationDelegate - Bootstrapping Spring Data repositories in DEFAULT mode.
22:40:42.749 [main] INFO  org.springframework.data.repository.config.RepositoryConfigurationDelegate - Finished Spring Data repository scanning in 23ms. Found 0 repository interfaces.
22:40:43.490 [main] INFO  io.github.patfromthe90s.grabber.Main - Started Main in 1.574 seconds (JVM running for 2.686)
22:40:43.492 [main] INFO  io.github.patfromthe90s.grabber.runner.SpringApplicationRunner - Starting runner [com.sun.proxy.$Proxy57]
22:40:43.499 [main] INFO  com.zaxxer.hikari.HikariDataSource - HikariPool-1 - Starting...
22:40:44.537 [main] ERROR com.zaxxer.hikari.pool.HikariPool - HikariPool-1 - Exception during pool initialization.
java.sql.SQLException: path to 'C:\Users\Patrick\programs\java\projects\article-parser\target../db/test.db': 'C:\Users\Patrick\programs\java\projects\article-parser\target..' does not exist
	at org.sqlite.SQLiteConnection.open(SQLiteConnection.java:215) ~[sqlite-jdbc-3.25.2.jar!/:?]
	at org.sqlite.SQLiteConnection.<init>(SQLiteConnection.java:61) ~[sqlite-jdbc-3.25.2.jar!/:?]
	at org.sqlite.jdbc3.JDBC3Connection.<init>(JDBC3Connection.java:28) ~[sqlite-jdbc-3.25.2.jar!/:?]
	at org.sqlite.jdbc4.JDBC4Connection.<init>(JDBC4Connection.java:21) ~[sqlite-jdbc-3.25.2.jar!/:?]
	at org.sqlite.JDBC.createConnection(JDBC.java:116) ~[sqlite-jdbc-3.25.2.jar!/:?]
	at org.sqlite.JDBC.connect(JDBC.java:90) ~[sqlite-jdbc-3.25.2.jar!/:?]
	at com.zaxxer.hikari.util.DriverDataSource.getConnection(DriverDataSource.java:119) ~[HikariCP-3.2.0.jar!/:?]
	at com.zaxxer.hikari.pool.PoolBase.newConnection(PoolBase.java:369) ~[HikariCP-3.2.0.jar!/:?]
	at com.zaxxer.hikari.pool.PoolBase.newPoolEntry(PoolBase.java:198) ~[HikariCP-3.2.0.jar!/:?]
	at com.zaxxer.hikari.pool.HikariPool.createPoolEntry(HikariPool.java:467) ~[HikariCP-3.2.0.jar!/:?]
	at com.zaxxer.hikari.pool.HikariPool.checkFailFast(HikariPool.java:541) ~[HikariCP-3.2.0.jar!/:?]
	at com.zaxxer.hikari.pool.HikariPool.<init>(HikariPool.java:115) ~[HikariCP-3.2.0.jar!/:?]
	at com.zaxxer.hikari.HikariDataSource.getConnection(HikariDataSource.java:112) ~[HikariCP-3.2.0.jar!/:?]
	at org.springframework.jdbc.datasource.DataSourceTransactionManager.doBegin(DataSourceTransactionManager.java:262) ~[spring-jdbc-5.1.8.RELEASE.jar!/:5.1.8.RELEASE]
	at org.springframework.transaction.support.AbstractPlatformTransactionManager.getTransaction(AbstractPlatformTransactionManager.java:378) ~[spring-tx-5.1.8.RELEASE.jar!/:5.1.8.RELEASE]
	at org.springframework.transaction.interceptor.TransactionAspectSupport.createTransactionIfNecessary(TransactionAspectSupport.java:475) ~[spring-tx-5.1.8.RELEASE.jar!/:5.1.8.RELEASE]
	at org.springframework.transaction.interceptor.TransactionAspectSupport.invokeWithinTransaction(TransactionAspectSupport.java:289) ~[spring-tx-5.1.8.RELEASE.jar!/:5.1.8.RELEASE]
	at org.springframework.transaction.interceptor.TransactionInterceptor.invoke(TransactionInterceptor.java:98) ~[spring-tx-5.1.8.RELEASE.jar!/:5.1.8.RELEASE]
	at org.springframework.aop.framework.ReflectiveMethodInvocation.proceed(ReflectiveMethodInvocation.java:186) ~[spring-aop-5.1.8.RELEASE.jar!/:5.1.8.RELEASE]
	at org.springframework.aop.framework.JdkDynamicAopProxy.invoke(JdkDynamicAopProxy.java:212) ~[spring-aop-5.1.8.RELEASE.jar!/:5.1.8.RELEASE]
	at com.sun.proxy.$Proxy57.run(Unknown Source) ~[?:?]
	at io.github.patfromthe90s.grabber.runner.SpringApplicationRunner.lambda$run$0(SpringApplicationRunner.java:35) ~[classes!/:1.0-SNAPSHOT]
	at java.util.ArrayList$ArrayListSpliterator.forEachRemaining(ArrayList.java:1654) [?:?]
	at java.util.stream.ReferencePipeline$Head.forEach(ReferencePipeline.java:658) [?:?]
	at io.github.patfromthe90s.grabber.runner.SpringApplicationRunner.run(SpringApplicationRunner.java:33) [classes!/:1.0-SNAPSHOT]
	at org.springframework.boot.SpringApplication.callRunner(SpringApplication.java:779) [spring-boot-2.1.6.RELEASE.jar!/:2.1.6.RELEASE]
	at org.springframework.boot.SpringApplication.callRunners(SpringApplication.java:763) [spring-boot-2.1.6.RELEASE.jar!/:2.1.6.RELEASE]
	at org.springframework.boot.SpringApplication.run(SpringApplication.java:318) [spring-boot-2.1.6.RELEASE.jar!/:2.1.6.RELEASE]
	at org.springframework.boot.SpringApplication.run(SpringApplication.java:1213) [spring-boot-2.1.6.RELEASE.jar!/:2.1.6.RELEASE]
	at org.springframework.boot.SpringApplication.run(SpringApplication.java:1202) [spring-boot-2.1.6.RELEASE.jar!/:2.1.6.RELEASE]
	at io.github.patfromthe90s.grabber.Main.main(Main.java:17) [classes!/:1.0-SNAPSHOT]
	at jdk.internal.reflect.NativeMethodAccessorImpl.invoke0(Native Method) ~[?:?]
	at jdk.internal.reflect.NativeMethodAccessorImpl.invoke(NativeMethodAccessorImpl.java:62) ~[?:?]
	at jdk.internal.reflect.DelegatingMethodAccessorImpl.invoke(DelegatingMethodAccessorImpl.java:43) ~[?:?]
	at java.lang.reflect.Method.invoke(Method.java:566) ~[?:?]
	at org.springframework.boot.loader.MainMethodRunner.run(MainMethodRunner.java:47) [article-parser-grabber.jar:1.0-SNAPSHOT]
	at org.springframework.boot.loader.Launcher.launch(Launcher.java:86) [article-parser-grabber.jar:1.0-SNAPSHOT]
	at org.springframework.boot.loader.Launcher.launch(Launcher.java:50) [article-parser-grabber.jar:1.0-SNAPSHOT]
	at org.springframework.boot.loader.JarLauncher.main(JarLauncher.java:51) [article-parser-grabber.jar:1.0-SNAPSHOT]
22:40:44.567 [main] INFO  org.springframework.boot.autoconfigure.logging.ConditionEvaluationReportLoggingListener - 

Error starting ApplicationContext. To display the conditions report re-run your application with 'debug' enabled.
22:40:44.569 [main] ERROR org.springframework.boot.SpringApplication - Application run failed
java.lang.IllegalStateException: Failed to execute CommandLineRunner
	at org.springframework.boot.SpringApplication.callRunner(SpringApplication.java:782) [spring-boot-2.1.6.RELEASE.jar!/:2.1.6.RELEASE]
	at org.springframework.boot.SpringApplication.callRunners(SpringApplication.java:763) [spring-boot-2.1.6.RELEASE.jar!/:2.1.6.RELEASE]
	at org.springframework.boot.SpringApplication.run(SpringApplication.java:318) [spring-boot-2.1.6.RELEASE.jar!/:2.1.6.RELEASE]
	at org.springframework.boot.SpringApplication.run(SpringApplication.java:1213) [spring-boot-2.1.6.RELEASE.jar!/:2.1.6.RELEASE]
	at org.springframework.boot.SpringApplication.run(SpringApplication.java:1202) [spring-boot-2.1.6.RELEASE.jar!/:2.1.6.RELEASE]
	at io.github.patfromthe90s.grabber.Main.main(Main.java:17) [classes!/:1.0-SNAPSHOT]
	at jdk.internal.reflect.NativeMethodAccessorImpl.invoke0(Native Method) ~[?:?]
	at jdk.internal.reflect.NativeMethodAccessorImpl.invoke(NativeMethodAccessorImpl.java:62) ~[?:?]
	at jdk.internal.reflect.DelegatingMethodAccessorImpl.invoke(DelegatingMethodAccessorImpl.java:43) ~[?:?]
	at java.lang.reflect.Method.invoke(Method.java:566) ~[?:?]
	at org.springframework.boot.loader.MainMethodRunner.run(MainMethodRunner.java:47) [article-parser-grabber.jar:1.0-SNAPSHOT]
	at org.springframework.boot.loader.Launcher.launch(Launcher.java:86) [article-parser-grabber.jar:1.0-SNAPSHOT]
	at org.springframework.boot.loader.Launcher.launch(Launcher.java:50) [article-parser-grabber.jar:1.0-SNAPSHOT]
	at org.springframework.boot.loader.JarLauncher.main(JarLauncher.java:51) [article-parser-grabber.jar:1.0-SNAPSHOT]
Caused by: org.springframework.transaction.CannotCreateTransactionException: Could not open JDBC Connection for transaction; nested exception is java.sql.SQLException: path to 'C:\Users\Patrick\programs\java\projects\article-parser\target../db/test.db': 'C:\Users\Patrick\programs\java\projects\article-parser\target..' does not exist
	at org.springframework.jdbc.datasource.DataSourceTransactionManager.doBegin(DataSourceTransactionManager.java:305) ~[spring-jdbc-5.1.8.RELEASE.jar!/:5.1.8.RELEASE]
	at org.springframework.transaction.support.AbstractPlatformTransactionManager.getTransaction(AbstractPlatformTransactionManager.java:378) ~[spring-tx-5.1.8.RELEASE.jar!/:5.1.8.RELEASE]
	at org.springframework.transaction.interceptor.TransactionAspectSupport.createTransactionIfNecessary(TransactionAspectSupport.java:475) ~[spring-tx-5.1.8.RELEASE.jar!/:5.1.8.RELEASE]
	at org.springframework.transaction.interceptor.TransactionAspectSupport.invokeWithinTransaction(TransactionAspectSupport.java:289) ~[spring-tx-5.1.8.RELEASE.jar!/:5.1.8.RELEASE]
	at org.springframework.transaction.interceptor.TransactionInterceptor.invoke(TransactionInterceptor.java:98) ~[spring-tx-5.1.8.RELEASE.jar!/:5.1.8.RELEASE]
	at org.springframework.aop.framework.ReflectiveMethodInvocation.proceed(ReflectiveMethodInvocation.java:186) ~[spring-aop-5.1.8.RELEASE.jar!/:5.1.8.RELEASE]
	at org.springframework.aop.framework.JdkDynamicAopProxy.invoke(JdkDynamicAopProxy.java:212) ~[spring-aop-5.1.8.RELEASE.jar!/:5.1.8.RELEASE]
	at com.sun.proxy.$Proxy57.run(Unknown Source) ~[?:?]
	at io.github.patfromthe90s.grabber.runner.SpringApplicationRunner.lambda$run$0(SpringApplicationRunner.java:35) ~[classes!/:1.0-SNAPSHOT]
	at java.util.ArrayList$ArrayListSpliterator.forEachRemaining(ArrayList.java:1654) ~[?:?]
	at java.util.stream.ReferencePipeline$Head.forEach(ReferencePipeline.java:658) ~[?:?]
	at io.github.patfromthe90s.grabber.runner.SpringApplicationRunner.run(SpringApplicationRunner.java:33) ~[classes!/:1.0-SNAPSHOT]
	at org.springframework.boot.SpringApplication.callRunner(SpringApplication.java:779) ~[spring-boot-2.1.6.RELEASE.jar!/:2.1.6.RELEASE]
	... 13 more
Caused by: java.sql.SQLException: path to 'C:\Users\Patrick\programs\java\projects\article-parser\target../db/test.db': 'C:\Users\Patrick\programs\java\projects\article-parser\target..' does not exist
	at org.sqlite.SQLiteConnection.open(SQLiteConnection.java:215) ~[sqlite-jdbc-3.25.2.jar!/:?]
	at org.sqlite.SQLiteConnection.<init>(SQLiteConnection.java:61) ~[sqlite-jdbc-3.25.2.jar!/:?]
	at org.sqlite.jdbc3.JDBC3Connection.<init>(JDBC3Connection.java:28) ~[sqlite-jdbc-3.25.2.jar!/:?]
	at org.sqlite.jdbc4.JDBC4Connection.<init>(JDBC4Connection.java:21) ~[sqlite-jdbc-3.25.2.jar!/:?]
	at org.sqlite.JDBC.createConnection(JDBC.java:116) ~[sqlite-jdbc-3.25.2.jar!/:?]
	at org.sqlite.JDBC.connect(JDBC.java:90) ~[sqlite-jdbc-3.25.2.jar!/:?]
	at com.zaxxer.hikari.util.DriverDataSource.getConnection(DriverDataSource.java:119) ~[HikariCP-3.2.0.jar!/:?]
	at com.zaxxer.hikari.pool.PoolBase.newConnection(PoolBase.java:369) ~[HikariCP-3.2.0.jar!/:?]
	at com.zaxxer.hikari.pool.PoolBase.newPoolEntry(PoolBase.java:198) ~[HikariCP-3.2.0.jar!/:?]
	at com.zaxxer.hikari.pool.HikariPool.createPoolEntry(HikariPool.java:467) ~[HikariCP-3.2.0.jar!/:?]
	at com.zaxxer.hikari.pool.HikariPool.checkFailFast(HikariPool.java:541) ~[HikariCP-3.2.0.jar!/:?]
	at com.zaxxer.hikari.pool.HikariPool.<init>(HikariPool.java:115) ~[HikariCP-3.2.0.jar!/:?]
	at com.zaxxer.hikari.HikariDataSource.getConnection(HikariDataSource.java:112) ~[HikariCP-3.2.0.jar!/:?]
	at org.springframework.jdbc.datasource.DataSourceTransactionManager.doBegin(DataSourceTransactionManager.java:262) ~[spring-jdbc-5.1.8.RELEASE.jar!/:5.1.8.RELEASE]
	at org.springframework.transaction.support.AbstractPlatformTransactionManager.getTransaction(AbstractPlatformTransactionManager.java:378) ~[spring-tx-5.1.8.RELEASE.jar!/:5.1.8.RELEASE]
	at org.springframework.transaction.interceptor.TransactionAspectSupport.createTransactionIfNecessary(TransactionAspectSupport.java:475) ~[spring-tx-5.1.8.RELEASE.jar!/:5.1.8.RELEASE]
	at org.springframework.transaction.interceptor.TransactionAspectSupport.invokeWithinTransaction(TransactionAspectSupport.java:289) ~[spring-tx-5.1.8.RELEASE.jar!/:5.1.8.RELEASE]
	at org.springframework.transaction.interceptor.TransactionInterceptor.invoke(TransactionInterceptor.java:98) ~[spring-tx-5.1.8.RELEASE.jar!/:5.1.8.RELEASE]
	at org.springframework.aop.framework.ReflectiveMethodInvocation.proceed(ReflectiveMethodInvocation.java:186) ~[spring-aop-5.1.8.RELEASE.jar!/:5.1.8.RELEASE]
	at org.springframework.aop.framework.JdkDynamicAopProxy.invoke(JdkDynamicAopProxy.java:212) ~[spring-aop-5.1.8.RELEASE.jar!/:5.1.8.RELEASE]
	at com.sun.proxy.$Proxy57.run(Unknown Source) ~[?:?]
	at io.github.patfromthe90s.grabber.runner.SpringApplicationRunner.lambda$run$0(SpringApplicationRunner.java:35) ~[classes!/:1.0-SNAPSHOT]
	at java.util.ArrayList$ArrayListSpliterator.forEachRemaining(ArrayList.java:1654) ~[?:?]
	at java.util.stream.ReferencePipeline$Head.forEach(ReferencePipeline.java:658) ~[?:?]
	at io.github.patfromthe90s.grabber.runner.SpringApplicationRunner.run(SpringApplicationRunner.java:33) ~[classes!/:1.0-SNAPSHOT]
	at org.springframework.boot.SpringApplication.callRunner(SpringApplication.java:779) ~[spring-boot-2.1.6.RELEASE.jar!/:2.1.6.RELEASE]
	... 13 more
22:41:25.751 [main] INFO  io.github.patfromthe90s.grabber.Main - Starting Main v1.0-SNAPSHOT on Patrick-Samsung with PID 6364 (C:\Users\Patrick\programs\java\projects\article-parser\article-parser-grabber\target\article-parser-grabber.jar started by Patrick in C:\Users\Patrick\programs\java\projects\article-parser\article-parser-grabber\target)
22:41:25.755 [main] INFO  io.github.patfromthe90s.grabber.Main - No active profile set, falling back to default profiles: default
22:41:26.241 [main] INFO  org.springframework.data.repository.config.RepositoryConfigurationDelegate - Bootstrapping Spring Data repositories in DEFAULT mode.
22:41:26.264 [main] INFO  org.springframework.data.repository.config.RepositoryConfigurationDelegate - Finished Spring Data repository scanning in 18ms. Found 0 repository interfaces.
22:41:26.998 [main] INFO  io.github.patfromthe90s.grabber.Main - Started Main in 1.56 seconds (JVM running for 2.631)
22:41:27.000 [main] INFO  io.github.patfromthe90s.grabber.runner.SpringApplicationRunner - Starting runner [com.sun.proxy.$Proxy57]
22:41:27.008 [main] INFO  com.zaxxer.hikari.HikariDataSource - HikariPool-1 - Starting...
22:41:27.289 [main] INFO  com.zaxxer.hikari.HikariDataSource - HikariPool-1 - Start completed.
22:41:27.296 [main] INFO  io.github.patfromthe90s.backend.service.SimpleDaoService - Getting last updated date for NHKEASY
22:41:27.306 [main] INFO  org.springframework.boot.autoconfigure.logging.ConditionEvaluationReportLoggingListener - 

Error starting ApplicationContext. To display the conditions report re-run your application with 'debug' enabled.
22:41:27.308 [main] ERROR org.springframework.boot.SpringApplication - Application run failed
java.lang.IllegalStateException: Failed to execute CommandLineRunner
	at org.springframework.boot.SpringApplication.callRunner(SpringApplication.java:782) [spring-boot-2.1.6.RELEASE.jar!/:2.1.6.RELEASE]
	at org.springframework.boot.SpringApplication.callRunners(SpringApplication.java:763) [spring-boot-2.1.6.RELEASE.jar!/:2.1.6.RELEASE]
	at org.springframework.boot.SpringApplication.run(SpringApplication.java:318) [spring-boot-2.1.6.RELEASE.jar!/:2.1.6.RELEASE]
	at org.springframework.boot.SpringApplication.run(SpringApplication.java:1213) [spring-boot-2.1.6.RELEASE.jar!/:2.1.6.RELEASE]
	at org.springframework.boot.SpringApplication.run(SpringApplication.java:1202) [spring-boot-2.1.6.RELEASE.jar!/:2.1.6.RELEASE]
	at io.github.patfromthe90s.grabber.Main.main(Main.java:17) [classes!/:1.0-SNAPSHOT]
	at jdk.internal.reflect.NativeMethodAccessorImpl.invoke0(Native Method) ~[?:?]
	at jdk.internal.reflect.NativeMethodAccessorImpl.invoke(NativeMethodAccessorImpl.java:62) ~[?:?]
	at jdk.internal.reflect.DelegatingMethodAccessorImpl.invoke(DelegatingMethodAccessorImpl.java:43) ~[?:?]
	at java.lang.reflect.Method.invoke(Method.java:566) ~[?:?]
	at org.springframework.boot.loader.MainMethodRunner.run(MainMethodRunner.java:47) [article-parser-grabber.jar:1.0-SNAPSHOT]
	at org.springframework.boot.loader.Launcher.launch(Launcher.java:86) [article-parser-grabber.jar:1.0-SNAPSHOT]
	at org.springframework.boot.loader.Launcher.launch(Launcher.java:50) [article-parser-grabber.jar:1.0-SNAPSHOT]
	at org.springframework.boot.loader.JarLauncher.main(JarLauncher.java:51) [article-parser-grabber.jar:1.0-SNAPSHOT]
Caused by: java.lang.IllegalArgumentException: SQL must not be null
	at org.springframework.util.Assert.notNull(Assert.java:198) ~[spring-core-5.1.8.RELEASE.jar!/:5.1.8.RELEASE]
	at org.springframework.jdbc.core.JdbcTemplate$SimplePreparedStatementCreator.<init>(JdbcTemplate.java:1549) ~[spring-jdbc-5.1.8.RELEASE.jar!/:5.1.8.RELEASE]
	at org.springframework.jdbc.core.JdbcTemplate.query(JdbcTemplate.java:699) ~[spring-jdbc-5.1.8.RELEASE.jar!/:5.1.8.RELEASE]
	at org.springframework.jdbc.core.JdbcTemplate.query(JdbcTemplate.java:711) ~[spring-jdbc-5.1.8.RELEASE.jar!/:5.1.8.RELEASE]
	at org.springframework.jdbc.core.JdbcTemplate.query(JdbcTemplate.java:762) ~[spring-jdbc-5.1.8.RELEASE.jar!/:5.1.8.RELEASE]
	at io.github.patfromthe90s.backend.dao.SimpleSiteDao.getLastUpdated(SimpleSiteDao.java:43) ~[article-parser-backend-1.0-SNAPSHOT.jar!/:1.0-SNAPSHOT]
	at io.github.patfromthe90s.backend.service.SimpleDaoService.getLastUpdated(SimpleDaoService.java:42) ~[article-parser-backend-1.0-SNAPSHOT.jar!/:1.0-SNAPSHOT]
	at io.github.patfromthe90s.grabber.service.SimpleNHKEasyArticleGrabberService.grabArticles(SimpleNHKEasyArticleGrabberService.java:56) ~[classes!/:1.0-SNAPSHOT]
	at jdk.internal.reflect.NativeMethodAccessorImpl.invoke0(Native Method) ~[?:?]
	at jdk.internal.reflect.NativeMethodAccessorImpl.invoke(NativeMethodAccessorImpl.java:62) ~[?:?]
	at jdk.internal.reflect.DelegatingMethodAccessorImpl.invoke(DelegatingMethodAccessorImpl.java:43) ~[?:?]
	at java.lang.reflect.Method.invoke(Method.java:566) ~[?:?]
	at org.springframework.aop.support.AopUtils.invokeJoinpointUsingReflection(AopUtils.java:343) ~[spring-aop-5.1.8.RELEASE.jar!/:5.1.8.RELEASE]
	at org.springframework.aop.framework.JdkDynamicAopProxy.invoke(JdkDynamicAopProxy.java:205) ~[spring-aop-5.1.8.RELEASE.jar!/:5.1.8.RELEASE]
	at com.sun.proxy.$Proxy56.grabArticles(Unknown Source) ~[?:?]
	at io.github.patfromthe90s.grabber.runner.GrabberRunner.run(GrabberRunner.java:37) ~[classes!/:1.0-SNAPSHOT]
	at jdk.internal.reflect.NativeMethodAccessorImpl.invoke0(Native Method) ~[?:?]
	at jdk.internal.reflect.NativeMethodAccessorImpl.invoke(NativeMethodAccessorImpl.java:62) ~[?:?]
	at jdk.internal.reflect.DelegatingMethodAccessorImpl.invoke(DelegatingMethodAccessorImpl.java:43) ~[?:?]
	at java.lang.reflect.Method.invoke(Method.java:566) ~[?:?]
	at org.springframework.aop.support.AopUtils.invokeJoinpointUsingReflection(AopUtils.java:343) ~[spring-aop-5.1.8.RELEASE.jar!/:5.1.8.RELEASE]
	at org.springframework.aop.framework.ReflectiveMethodInvocation.invokeJoinpoint(ReflectiveMethodInvocation.java:198) ~[spring-aop-5.1.8.RELEASE.jar!/:5.1.8.RELEASE]
	at org.springframework.aop.framework.ReflectiveMethodInvocation.proceed(ReflectiveMethodInvocation.java:163) ~[spring-aop-5.1.8.RELEASE.jar!/:5.1.8.RELEASE]
	at org.springframework.transaction.interceptor.TransactionAspectSupport.invokeWithinTransaction(TransactionAspectSupport.java:295) ~[spring-tx-5.1.8.RELEASE.jar!/:5.1.8.RELEASE]
	at org.springframework.transaction.interceptor.TransactionInterceptor.invoke(TransactionInterceptor.java:98) ~[spring-tx-5.1.8.RELEASE.jar!/:5.1.8.RELEASE]
	at org.springframework.aop.framework.ReflectiveMethodInvocation.proceed(ReflectiveMethodInvocation.java:186) ~[spring-aop-5.1.8.RELEASE.jar!/:5.1.8.RELEASE]
	at org.springframework.aop.framework.JdkDynamicAopProxy.invoke(JdkDynamicAopProxy.java:212) ~[spring-aop-5.1.8.RELEASE.jar!/:5.1.8.RELEASE]
	at com.sun.proxy.$Proxy57.run(Unknown Source) ~[?:?]
	at io.github.patfromthe90s.grabber.runner.SpringApplicationRunner.lambda$run$0(SpringApplicationRunner.java:35) ~[classes!/:1.0-SNAPSHOT]
	at java.util.ArrayList$ArrayListSpliterator.forEachRemaining(ArrayList.java:1654) ~[?:?]
	at java.util.stream.ReferencePipeline$Head.forEach(ReferencePipeline.java:658) ~[?:?]
	at io.github.patfromthe90s.grabber.runner.SpringApplicationRunner.run(SpringApplicationRunner.java:33) ~[classes!/:1.0-SNAPSHOT]
	at org.springframework.boot.SpringApplication.callRunner(SpringApplication.java:779) ~[spring-boot-2.1.6.RELEASE.jar!/:2.1.6.RELEASE]
	... 13 more
22:41:27.328 [main] INFO  com.zaxxer.hikari.HikariDataSource - HikariPool-1 - Shutdown initiated...
22:41:27.331 [main] INFO  com.zaxxer.hikari.HikariDataSource - HikariPool-1 - Shutdown completed.
22:44:41.278 [main] INFO  io.github.patfromthe90s.grabber.Main - Starting Main v1.0-SNAPSHOT on Patrick-Samsung with PID 9196 (C:\Users\Patrick\programs\java\projects\article-parser\article-parser-grabber\target\article-parser-grabber.jar started by Patrick in C:\Users\Patrick\programs\java\projects\article-parser\article-parser-grabber\target)
22:44:41.282 [main] INFO  io.github.patfromthe90s.grabber.Main - No active profile set, falling back to default profiles: default
22:44:41.791 [main] INFO  org.springframework.data.repository.config.RepositoryConfigurationDelegate - Bootstrapping Spring Data repositories in DEFAULT mode.
22:44:41.815 [main] INFO  org.springframework.data.repository.config.RepositoryConfigurationDelegate - Finished Spring Data repository scanning in 19ms. Found 0 repository interfaces.
22:44:42.534 [main] INFO  io.github.patfromthe90s.grabber.Main - Started Main in 1.553 seconds (JVM running for 2.807)
22:44:42.536 [main] INFO  io.github.patfromthe90s.grabber.runner.SpringApplicationRunner - Starting runner [com.sun.proxy.$Proxy57]
22:44:42.543 [main] INFO  com.zaxxer.hikari.HikariDataSource - HikariPool-1 - Starting...
22:44:42.826 [main] INFO  com.zaxxer.hikari.HikariDataSource - HikariPool-1 - Start completed.
22:44:42.832 [main] INFO  io.github.patfromthe90s.backend.service.SimpleDaoService - Getting last updated date for NHKEASY
22:44:42.848 [main] INFO  io.github.patfromthe90s.grabber.service.SimpleSiteService - getting last updated for url https://www3.nhk.or.jp/news/easy/top-list.json
22:44:42.857 [main] INFO  io.github.patfromthe90s.grabber.http.GenericInteractor - Executing request: HEAD https://www3.nhk.or.jp/news/easy/top-list.json HTTP/1.1
22:44:43.490 [main] INFO  io.github.patfromthe90s.grabber.service.SimpleSiteService - getting JSON for url https://www3.nhk.or.jp/news/easy/top-list.json
22:44:43.490 [main] INFO  io.github.patfromthe90s.grabber.http.GenericInteractor - Executing request: GET https://www3.nhk.or.jp/news/easy/top-list.json HTTP/1.1
22:44:43.550 [main] INFO  io.github.patfromthe90s.grabber.service.SimpleSiteService - getting HTML for url https://www3.nhk.or.jp/news/easy/k10011990471000/k10011990471000.html
22:44:43.551 [main] INFO  io.github.patfromthe90s.grabber.http.GenericInteractor - Executing request: GET https://www3.nhk.or.jp/news/easy/k10011990471000/k10011990471000.html HTTP/1.1
22:44:43.671 [main] INFO  io.github.patfromthe90s.grabber.service.SimpleSiteService - getting HTML for url https://www3.nhk.or.jp/news/easy/k10011990431000/k10011990431000.html
22:44:43.671 [main] INFO  io.github.patfromthe90s.grabber.http.GenericInteractor - Executing request: GET https://www3.nhk.or.jp/news/easy/k10011990431000/k10011990431000.html HTTP/1.1
22:44:43.757 [main] INFO  io.github.patfromthe90s.grabber.service.SimpleSiteService - getting HTML for url https://www3.nhk.or.jp/news/easy/k10011989111000/k10011989111000.html
22:44:43.758 [main] INFO  io.github.patfromthe90s.grabber.http.GenericInteractor - Executing request: GET https://www3.nhk.or.jp/news/easy/k10011989111000/k10011989111000.html HTTP/1.1
22:44:43.808 [main] INFO  io.github.patfromthe90s.grabber.service.SimpleSiteService - getting HTML for url https://www3.nhk.or.jp/news/easy/k10011988991000/k10011988991000.html
22:44:43.808 [main] INFO  io.github.patfromthe90s.grabber.http.GenericInteractor - Executing request: GET https://www3.nhk.or.jp/news/easy/k10011988991000/k10011988991000.html HTTP/1.1
22:44:43.871 [main] INFO  io.github.patfromthe90s.grabber.service.SimpleSiteService - getting HTML for url https://www3.nhk.or.jp/news/easy/k10011989581000/k10011989581000.html
22:44:43.871 [main] INFO  io.github.patfromthe90s.grabber.http.GenericInteractor - Executing request: GET https://www3.nhk.or.jp/news/easy/k10011989581000/k10011989581000.html HTTP/1.1
22:44:43.938 [main] INFO  io.github.patfromthe90s.grabber.service.SimpleSiteService - getting HTML for url https://www3.nhk.or.jp/news/easy/k10011988971000/k10011988971000.html
22:44:43.939 [main] INFO  io.github.patfromthe90s.grabber.http.GenericInteractor - Executing request: GET https://www3.nhk.or.jp/news/easy/k10011988971000/k10011988971000.html HTTP/1.1
22:44:44.003 [main] INFO  io.github.patfromthe90s.grabber.service.SimpleSiteService - getting HTML for url https://www3.nhk.or.jp/news/easy/k10011987461000/k10011987461000.html
22:44:44.003 [main] INFO  io.github.patfromthe90s.grabber.http.GenericInteractor - Executing request: GET https://www3.nhk.or.jp/news/easy/k10011987461000/k10011987461000.html HTTP/1.1
22:44:44.152 [main] INFO  io.github.patfromthe90s.grabber.service.SimpleNHKEasyArticleGrabberService - Grabbed 7 articles
22:44:44.166 [main] INFO  io.github.patfromthe90s.backend.service.SimpleDaoService - Updating last updated using str_id NHKEASY and date {}
22:44:44.177 [main] INFO  io.github.patfromthe90s.grabber.runner.SpringApplicationRunner - Finished runner [com.sun.proxy.$Proxy57]
